<?xml version="1.0" encoding="UTF-8"?>
<!-- Generated by org.testng.reporters.JUnitReportReporter -->
<testsuite skipped="0" hostname="administrators-MacBook-Pro-2.local" name="TestNg.TestNgSample.App" tests="4" failures="0" timestamp="25 Jul 2018 07:40:51 GMT" time="0.010" errors="0">
  <testcase name="test5" time="0.004" classname="TestNg.TestNgSample.App"/>
  <testcase name="test6" time="0.003" classname="TestNg.TestNgSample.App"/>
  <testcase name="test7" time="0.002" classname="TestNg.TestNgSample.App"/>
  <testcase name="test7" time="0.001" classname="TestNg.TestNgSample.App"/>
</testsuite> <!-- TestNg.TestNgSample.App -->
