<?xml version="1.0" encoding="UTF-8"?>
<!-- Generated by org.testng.reporters.JUnitReportReporter -->
<testsuite skipped="0" hostname="administrators-MacBook-Pro-2.local" name="TestNg.TestNgSample.AppTest" tests="1" failures="0" timestamp="11 Jul 2018 05:08:46 GMT" time="0.007" errors="0">
  <testcase name="testApp" time="0.007" classname="TestNg.TestNgSample.AppTest"/>
</testsuite> <!-- TestNg.TestNgSample.AppTest -->
